make all --print-data-base --no-builtin-variables --no-builtin-rules --question
# GNU Make 3.81
# Copyright (C) 2006  Free Software Foundation, Inc.
# This is free software; see the source for copying conditions.
# There is NO warranty; not even for MERCHANTABILITY or FITNESS FOR A
# PARTICULAR PURPOSE.

# This program built for i386-apple-darwin11.3.0

# Make data base, printed on Fri May 27 08:32:47 2022

# Variables

# automatic
<D = $(patsubst %/,%,$(dir $<))
# automatic
?F = $(notdir $?)
# environment
ELECTRON_NO_ATTACH_CONSOLE = 1
# environment
LC_CTYPE = UTF-8
# environment
VSCODE_LOG_NATIVE = false
# environment
ZSH_TMUX_TERM = screen-256color
# automatic
?D = $(patsubst %/,%,$(dir $?))
# automatic
@D = $(patsubst %/,%,$(dir $@))
# automatic
@F = $(notdir $@)
# makefile
CURDIR := /Users/manzanit0/repositories/weathry
# makefile
SHELL = /bin/sh
# environment
VSCODE_NLS_CONFIG = {"locale":"en-gb","availableLanguages":{},"_languagePackSupport":true}
# environment
_ = /usr/bin/make
# makefile
MAKEFILE_LIST := 
# environment
VULPIX_MONGO_URI = mongodb://bots_user:Xj2j89okJuhOqxAUDuH@dev-stg-shard-00-00-afme9.mongodb.net:27017,dev-stg-shard-00-01-afme9.mongodb.net:27017,dev-stg-shard-00-02-afme9.mongodb.net:27017/bots?ssl=true&replicaSet=dev-stg-shard-0&authSource=admin&retryWrites=true
# environment
VSCODE_AMD_ENTRYPOINT = vs/workbench/api/node/extensionHostProcess
# environment
VSCODE_VERBOSE_LOGGING = true
# environment
__CFBundleIdentifier = com.microsoft.VSCode
# environment
VSCODE_IPC_HOOK_EXTHOST = /var/folders/p6/bdqt5dfj0jg1q2bkhzkcsz600000gn/T/vscode-ipc-f789a1a5-9ba9-43e9-a022-536177361691.sock
# environment
VSCODE_CWD = /Users/manzanit0/repositories/weathry
# environment
GOPROXY = https://proxy.golang.org,direct
# environment
ALACRITTY_SOCKET = /var/folders/p6/bdqt5dfj0jg1q2bkhzkcsz600000gn/T/Alacritty-31196.sock
# environment
PATH = /Users/manzanit0/.asdf/installs/golang/1.17.3/go/bin:/opt/homebrew/opt/php@7.4/sbin:/opt/homebrew/opt/php@7.4/bin:/Users/manzanit0/.asdf/shims:/Users/manzanit0/.asdf/bin:/Users/manzanit0/bin:/usr/local/bin:/Users/manzanit0/.local/bin:/usr/local/bin:/usr/bin:/bin:/usr/sbin:/sbin:/Users/manzanit0/.cargo/bin:/Users/manzanit0/.asdf/installs/golang/1.17.3/packages/bin:/Users/manzanit0/.composer/vendor/bin:/Users/manzanit0/.fzf/bin:/Users/manzanit0/.asdf/installs/golang/1.17.3/packages/bin
# environment
LSCOLORS = Gxfxcxdxbxegedabagacad
# environment
ALACRITTY_LOG = /var/folders/p6/bdqt5dfj0jg1q2bkhzkcsz600000gn/T/Alacritty-31196.log
# environment
GOPATH = /Users/manzanit0/.asdf/installs/golang/1.17.3/packages
# environment
VSCODE_LOG_STACK = false
# environment
ELECTRON_RUN_AS_NODE = 1
# default
.FEATURES := target-specific order-only second-expansion else-if archives jobserver check-symlink
# environment
SSH_AUTH_SOCK = /private/tmp/com.apple.launchd.8ragWhbUmo/Listeners
# environment
JDK_HOME = /Users/manzanit0/.asdf/installs/java/openjdk-11.0.2
# automatic
%F = $(notdir $%)
# environment
GOBIN = /Users/manzanit0/.asdf/installs/golang/1.17.3/packages/bin
# environment
ZSH_TMUX_CONFIG = /Users/manzanit0/.tmux.conf
# environment
VSCODE_PIPE_LOGGING = true
# environment
_ZSH_TMUX_FIXED_CONFIG = /Users/manzanit0/.oh-my-zsh/plugins/tmux/tmux.extra.conf
# environment
PWD = /Users/manzanit0/repositories/weathry
# environment
ERL_AFLAGS = -kernel shell_history enabled
# environment
ORIGINAL_XDG_CURRENT_DESKTOP = undefined
# environment
GOMODCACHE = /Users/manzanit0/.asdf/installs/golang/1.17.3/packages/pkg/mod
# environment
HOME = /Users/manzanit0
# default
MAKEFILEPATH := /Applications/Xcode.app/Contents/Developer/Makefiles
# environment
VSCODE_CLI = 1
# environment
VSCODE_CODE_CACHE_PATH = /Users/manzanit0/Library/Application Support/Code/CachedData/c3511e6c69bb39013c4a4b7b9566ec1ca73fc4d5
# environment
LOGNAME = manzanit0
# environment
APPLICATION_INSIGHTS_NO_DIAGNOSTIC_CHANNEL = 1
# environment
ZSH = /Users/manzanit0/.oh-my-zsh
# environment
VSCODE_HANDLES_UNCAUGHT_ERRORS = true
# automatic
^D = $(patsubst %/,%,$(dir $^))
# environment
XPC_FLAGS = 0x0
# environment
COLORTERM = truecolor
# default
MAKE = $(MAKE_COMMAND)
# default
MAKECMDGOALS := all
# environment
SHLVL = 3
# environment
JAVA_HOME = /Users/manzanit0/.asdf/installs/java/openjdk-11.0.2
# default
MAKE_VERSION := 3.81
# environment
USER = manzanit0
# makefile
.DEFAULT_GOAL := 
# environment
GOROOT = /Users/manzanit0/.asdf/installs/golang/1.17.3/go
# environment
LESS = -R
# automatic
%D = $(patsubst %/,%,$(dir $%))
# environment
ZSH_THEME = robbyrussell
# default
MAKE_COMMAND := /Applications/Xcode.app/Contents/Developer/usr/bin/make
# environment
BW_PASSWORD = charmander1996!
# default
.VARIABLES := 
# environment
TMPDIR = /var/folders/p6/bdqt5dfj0jg1q2bkhzkcsz600000gn/T/
# automatic
*F = $(notdir $*)
# environment
VSCODE_IPC_HOOK = /Users/manzanit0/Library/Application Support/Code/1.67.2-main.sock
# makefile
MAKEFLAGS = Rrqp
# environment
MFLAGS = -Rrqp
# automatic
*D = $(patsubst %/,%,$(dir $*))
# environment
XPC_SERVICE_NAME = application.com.microsoft.VSCode.20698150.20698156.0EC3ED53-3596-4591-AF2D-0D057A295316
# automatic
+D = $(patsubst %/,%,$(dir $+))
# automatic
+F = $(notdir $+)
# environment
__CF_USER_TEXT_ENCODING = 0x1F5:0x0:0x2
# environment
COMMAND_MODE = unix2003
# default
MAKEFILES := 
# automatic
<F = $(notdir $<)
# environment
EDITOR = nvim
# environment
PAGER = less
# environment
LC_ALL = C
# automatic
^F = $(notdir $^)
# default
SUFFIXES := 
# environment
ASDF_DIR = /Users/manzanit0/.asdf
# default
.INCLUDE_DIRS = /usr/local/include
# environment
MAKELEVEL := 0
# environment
LANG = C
# environment
TERM = xterm-256color
# environment
VSCODE_PID = 32100
# environment
ZSH_EVALCACHE_DIR = /Users/manzanit0/.zsh-evalcache
# environment
DOTNET_CLI_TELEMETRY_OPTOUT = 1
# variable set hash-table stats:
# Load=91/1024=9%, Rehash=0, Collisions=3/112=3%

# Pattern-specific Variable Values

# No pattern-specific variable values.

# Directories

# . (device 16777223, inode 20096171): 9 files, no impossibilities.

# 9 files, no impossibilities in 1 directories.

# Implicit Rules

# No implicit rules.

# Files

# Not a target:
all:
#  Command-line target.
#  Implicit rule search has been done.
#  File does not exist.
#  File has not been updated.
# variable set hash-table stats:
# Load=0/32=0%, Rehash=0, Collisions=0/0=0%

# Not a target:
.SUFFIXES:
#  Implicit rule search has not been done.
#  Modification time never checked.
#  File has not been updated.

# Not a target:
Makefile:
#  A default, MAKEFILES, or -include/sinclude makefile.
#  Implicit rule search has been done.
#  File does not exist.
#  File has been updated.
#  Failed to be updated.
# variable set hash-table stats:
# Load=0/32=0%, Rehash=0, Collisions=0/0=0%

# Not a target:
makefile:
#  A default, MAKEFILES, or -include/sinclude makefile.
#  Implicit rule search has been done.
#  File does not exist.
#  File has been updated.
#  Failed to be updated.
# variable set hash-table stats:
# Load=0/32=0%, Rehash=0, Collisions=0/0=0%

# Not a target:
.DEFAULT:
#  Implicit rule search has not been done.
#  Modification time never checked.
#  File has not been updated.

# Not a target:
GNUmakefile:
#  A default, MAKEFILES, or -include/sinclude makefile.
#  Implicit rule search has been done.
#  File does not exist.
#  File has been updated.
#  Failed to be updated.
# variable set hash-table stats:
# Load=0/32=0%, Rehash=0, Collisions=0/0=0%

# files hash-table stats:
# Load=6/1024=1%, Rehash=0, Collisions=0/17=0%
# VPATH Search Paths

# No `vpath' search paths.

# No general (`VPATH' variable) search path.

# # of strings in strcache: 0
# # of strcache buffers: 0
# strcache size: total = 0 / max = 0 / min = 4096 / avg = 0
# strcache free: total = 0 / max = 0 / min = 4096 / avg = 0

# Finished Make data base on Fri May 27 08:32:47 2022

 
make: *** No rule to make target `all'.  Stop.

